2019/07/14 23:28:30  - DEBUG - 素问-你算那块小饼干---押镖一次结束---
2019/07/14 23:29:04  - DEBUG - 素问-你算那块小饼干---开始押镖---
2019/07/14 23:37:38  - DEBUG - 碎梦-你算哪只小浣熊---押镖一次结束---
2019/07/14 23:38:16  - DEBUG - 碎梦-你算哪只小浣熊---开始押镖---
2019/07/14 23:49:03  - DEBUG - 素问-你算那块小饼干---押镖一次结束---
2019/07/14 23:49:45  - DEBUG - 素问-你算那块小饼干---开始押镖---
2019/07/15 00:00:01  - DEBUG - 碎梦-你算哪只小浣熊---押镖一次结束---
2019/07/15 00:00:37  - DEBUG - 碎梦-你算哪只小浣熊---开始押镖---
2019/07/15 00:09:43  - DEBUG - 素问-你算那块小饼干---押镖一次结束---
2019/07/15 00:10:27  - DEBUG - 素问-你算那块小饼干---押镖一次结束---
2019/07/15 00:10:44  - DEBUG - 素问-你算那块小饼干---押镖一次结束---
2019/07/15 00:11:20  - DEBUG - 素问-你算那块小饼干---开始押镖---
2019/07/15 00:28:23  - DEBUG - 碎梦-你算哪只小浣熊---押镖一次结束---
2019/07/15 00:29:52  - DEBUG - 碎梦-你算哪只小浣熊---押镖一次结束---
2019/07/15 00:30:27  - DEBUG - 碎梦-你算哪只小浣熊---开始押镖---
2019/07/15 00:31:52  - DEBUG - 素问-你算那块小饼干---押镖一次结束---
2019/07/15 00:32:09  - DEBUG - 素问-你算那块小饼干---押镖一次结束---
2019/07/15 00:33:19  - DEBUG - 素问-你算那块小饼干---押镖完了---
2019/07/15 00:33:19  - DEBUG - 素问-你算那块小饼干~~开始快意恩仇
2019/07/15 00:49:47  - DEBUG - 碎梦-你算哪只小浣熊---押镖一次结束---
2019/07/15 00:50:55  - DEBUG - 碎梦-你算哪只小浣熊---押镖完了---
2019/07/15 00:50:55  - DEBUG - 碎梦-你算哪只小浣熊~~开始快意恩仇
2019/07/15 19:50:15  - DEBUG - 碎梦-你算哪只小浣熊---开始押镖---
2019/07/15 19:51:01  - DEBUG - 素问-你算那块小饼干---开始押镖---
2019/07/15 20:09:48  - DEBUG - 碎梦-你算哪只小浣熊---押镖一次结束---
2019/07/15 20:10:28  - DEBUG - 碎梦-你算哪只小浣熊---开始押镖---
2019/07/15 20:11:15  - DEBUG - 素问-你算那块小饼干---押镖一次结束---
2019/07/15 20:11:24  - DEBUG - 素问-你算那块小饼干---押镖一次结束---
2019/07/15 20:11:59  - DEBUG - 素问-你算那块小饼干---开始押镖---
2019/07/15 20:31:44  - DEBUG - 碎梦-你算哪只小浣熊---押镖一次结束---
2019/07/15 20:32:56  - DEBUG - 碎梦-你算哪只小浣熊---押镖完了---
2019/07/15 20:32:56  - DEBUG - 碎梦-你算哪只小浣熊~~开始快意恩仇
2019/07/15 20:33:12  - DEBUG - 素问-你算那块小饼干---押镖一次结束---
2019/07/15 20:33:27  - DEBUG - 素问-你算那块小饼干---押镖一次结束---
2019/07/15 20:34:39  - DEBUG - 素问-你算那块小饼干---押镖完了---
2019/07/15 20:34:39  - DEBUG - 素问-你算那块小饼干~~开始快意恩仇
2019/07/15 22:22:25  - DEBUG - 素问-你算那块小饼干---战场开始报名---
2019/07/15 22:22:31  - DEBUG - 碎梦-你算哪只小浣熊---战场开始报名---
2019/07/15 22:35:07  - DEBUG - 碎梦-你算哪只小浣熊---战场结束---
2019/07/15 22:35:07  - DEBUG - 素问-你算那块小饼干---战场结束---
2019/07/15 22:35:33  - DEBUG - 碎梦-你算哪只小浣熊---战场开始报名---
2019/07/15 22:35:37  - DEBUG - 素问-你算那块小饼干---战场开始报名---
2019/07/15 22:48:19  - DEBUG - 碎梦-你算哪只小浣熊---战场结束---
2019/07/15 22:48:20  - DEBUG - 素问-你算那块小饼干---战场结束---
2019/07/15 22:48:50  - DEBUG - 素问-你算那块小饼干---战场开始报名---
2019/07/15 22:48:50  - DEBUG - 碎梦-你算哪只小浣熊---战场开始报名---
2019/07/15 22:59:48  - DEBUG - 素问-你算那块小饼干---战场结束---
2019/07/15 22:59:52  - DEBUG - 碎梦-你算哪只小浣熊---战场结束---
2019/07/15 23:00:03  - DEBUG - 素问-你算那块小饼干---战场开始报名---
2019/07/15 23:00:22  - DEBUG - 碎梦-你算哪只小浣熊---战场开始报名---
2019/07/15 23:12:40  - DEBUG - 碎梦-你算哪只小浣熊---战场结束---
2019/07/15 23:12:42  - DEBUG - 素问-你算那块小饼干---战场结束---
2019/07/15 23:13:00  - DEBUG - 素问-你算那块小饼干---战场开始报名---
2019/07/15 23:13:10  - DEBUG - 碎梦-你算哪只小浣熊---战场开始报名---
2019/07/15 23:25:37  - DEBUG - 碎梦-你算哪只小浣熊---战场结束---
2019/07/15 23:25:57  - DEBUG - 素问-你算那块小饼干---战场结束---
2019/07/15 23:25:57  - DEBUG - 素问-你算那块小饼干---战场开始报名---
2019/07/15 23:26:02  - DEBUG - 碎梦-你算哪只小浣熊---战场开始报名---
2019/07/15 23:36:47  - DEBUG - 素问-你算那块小饼干---战场结束---
2019/07/15 23:36:48  - DEBUG - 碎梦-你算哪只小浣熊---战场结束---
2019/07/15 23:37:05  - DEBUG - 素问-你算那块小饼干---战场开始报名---
2019/07/15 23:37:10  - DEBUG - 碎梦-你算哪只小浣熊---战场开始报名---
2019/07/15 23:47:56  - DEBUG - 碎梦-你算哪只小浣熊---战场结束---
2019/07/15 23:47:57  - DEBUG - 素问-你算那块小饼干---战场结束---
2019/07/15 23:48:14  - DEBUG - 碎梦-你算哪只小浣熊---战场开始报名---
2019/07/15 23:48:27  - DEBUG - 素问-你算那块小饼干---战场开始报名---
2019/07/16 00:00:44  - DEBUG - 素问-你算那块小饼干---战场结束---
2019/07/16 00:01:13  - DEBUG - 素问-你算那块小饼干---战场开始报名---
2019/07/16 00:01:45  - DEBUG - 碎梦-你算哪只小浣熊---战场结束---
2019/07/16 00:01:45  - DEBUG - 碎梦-你算哪只小浣熊---战场开始报名---
2019/07/16 00:13:30  - DEBUG - 素问-你算那块小饼干---战场结束---
2019/07/16 00:13:53  - DEBUG - 素问-你算那块小饼干---战场开始报名---
2019/07/16 00:14:05  - DEBUG - 碎梦-你算哪只小浣熊---战场结束---
2019/07/16 00:14:35  - DEBUG - 碎梦-你算哪只小浣熊---战场开始报名---
2019/07/16 00:26:10  - DEBUG - 素问-你算那块小饼干---战场结束---
2019/07/16 00:26:34  - DEBUG - 素问-你算那块小饼干---战场开始报名---
2019/07/16 00:27:14  - DEBUG - 碎梦-你算哪只小浣熊---战场结束---
2019/07/16 00:27:45  - DEBUG - 碎梦-你算哪只小浣熊---战场开始报名---
2019/07/16 00:37:39  - DEBUG - 素问-你算那块小饼干---战场结束---
2019/07/16 00:37:39  - DEBUG - 素问-你算那块小饼干---战场开始报名---
2019/07/16 00:40:57  - DEBUG - 碎梦-你算哪只小浣熊---战场结束---
2019/07/16 00:41:25  - DEBUG - 碎梦-你算哪只小浣熊---战场开始报名---
2019/07/17 13:11:28  - DEBUG - 524700257---战场开始报名---
2019/07/17 13:11:33  - DEBUG - 铁衣-你也算块小饼干---战场开始报名---
2019/07/17 13:24:05  - DEBUG - 铁衣-你也算块小饼干---战场结束---
2019/07/17 13:24:23  - DEBUG - 铁衣-你也算块小饼干---战场开始报名---
2019/07/17 13:24:28  - DEBUG - 524700257---战场结束---
2019/07/17 13:24:28  - DEBUG - 524700257---战场开始报名---
2019/07/17 13:36:36  - DEBUG - 铁衣-你也算块小饼干---战场结束---
2019/07/17 13:36:51  - DEBUG - 铁衣-你也算块小饼干---战场开始报名---
2019/07/17 13:37:38  - DEBUG - 524700257---战场结束---
2019/07/17 13:38:07  - DEBUG - 524700257---战场开始报名---
2019/07/17 13:47:31  - DEBUG - 铁衣-你也算块小饼干---没找到战场图标退出---
2019/07/17 13:47:31  - DEBUG - 铁衣-你也算块小饼干---战场打完了---
2019/07/17 13:48:59  - DEBUG - 铁衣-你也算块小饼干---押镖完了---
2019/07/17 13:48:59  - DEBUG - 铁衣-你也算块小饼干~~开始快意恩仇
2019/07/17 13:50:29  - DEBUG - 铁衣-你也算块小饼干~~快意恩仇完成
2019/07/17 13:50:29  - DEBUG - 铁衣-你也算块小饼干~~~开始仗剑江湖
2019/07/17 13:50:59  - DEBUG - 524700257---战场开始报名---
2019/07/17 13:51:01  - DEBUG - 铁衣-你也算块小饼干~~~仗剑江湖完成
2019/07/17 13:51:04  - DEBUG - 铁衣-你也算块小饼干----------------------退出游戏-----------------------------
2019/07/17 14:03:35  - DEBUG - 524700257---战场结束---
2019/07/17 14:03:51  - DEBUG - 524700257---战场开始报名---
2019/07/17 14:16:29  - DEBUG - 524700257---战场结束---
2019/07/17 14:16:54  - DEBUG - 524700257---战场开始报名---
2019/07/17 14:29:24  - DEBUG - 524700257---战场开始报名---
2019/07/17 14:42:09  - DEBUG - 524700257---战场开始报名---
2019/07/17 14:55:02  - DEBUG - 524700257---战场结束---
2019/07/17 14:55:17  - DEBUG - 524700257---战场开始报名---
2019/07/17 15:07:48  - DEBUG - 524700257---战场开始报名---
2019/07/17 15:20:18  - DEBUG - 524700257---战场开始报名---
2019/07/17 15:32:50  - DEBUG - 524700257---战场开始报名---
2019/07/17 15:45:38  - DEBUG - 524700257---战场开始报名---
2019/07/17 15:58:20  - DEBUG - 524700257---战场开始报名---
2019/07/17 16:10:31  - DEBUG - 524700257---战场结束---
2019/07/17 16:10:52  - DEBUG - 524700257---战场开始报名---
2019/07/17 16:21:38  - DEBUG - 524700257---战场结束---
2019/07/17 16:21:56  - DEBUG - 524700257---战场开始报名---
2019/07/17 16:34:31  - DEBUG - 524700257---战场开始报名---
2019/07/17 16:47:19  - DEBUG - 524700257---战场开始报名---
2019/07/17 16:59:58  - DEBUG - 524700257---战场开始报名---
2019/07/17 17:12:28  - DEBUG - 524700257---战场开始报名---
2019/07/17 17:24:58  - DEBUG - 524700257---战场开始报名---
2019/07/17 17:35:48  - DEBUG - 524700257---战场结束---
2019/07/17 17:36:16  - DEBUG - 524700257---战场开始报名---
2019/07/17 17:49:06  - DEBUG - 524700257---战场结束---
2019/07/17 17:49:31  - DEBUG - 524700257---战场开始报名---
2019/07/17 17:59:45  - DEBUG - 524700257---战场结束---
2019/07/17 18:00:15  - DEBUG - 524700257---没找到战场图标退出---
2019/07/17 18:00:15  - DEBUG - 524700257---战场打完了---
2019/07/17 18:01:56  - DEBUG - 524700257---押镖完了---
2019/07/17 18:01:56  - DEBUG - 524700257~~开始快意恩仇
2019/07/17 20:28:31  - DEBUG - 素问-你算那块小饼干---战场开始报名---
2019/07/17 20:28:38  - DEBUG - 碎梦-你算哪只小浣熊---战场开始报名---
2019/07/17 20:40:55  - DEBUG - 碎梦-你算哪只小浣熊---战场结束---
2019/07/17 20:41:19  - DEBUG - 碎梦-你算哪只小浣熊---战场开始报名---
2019/07/17 20:42:19  - DEBUG - 素问-你算那块小饼干---战场结束---
2019/07/17 20:42:38  - DEBUG - 素问-你算那块小饼干---战场开始报名---
2019/07/17 20:53:31  - DEBUG - 碎梦-你算哪只小浣熊---战场结束---
2019/07/17 20:54:03  - DEBUG - 碎梦-你算哪只小浣熊---战场开始报名---
2019/07/17 20:54:13  - DEBUG - 素问-你算那块小饼干---战场结束---
2019/07/17 20:54:14  - DEBUG - 素问-你算那块小饼干---战场开始报名---
2019/07/17 21:06:40  - DEBUG - 碎梦-你算哪只小浣熊---战场结束---
2019/07/17 21:06:45  - DEBUG - 素问-你算那块小饼干---战场结束---
2019/07/17 21:07:10  - DEBUG - 碎梦-你算哪只小浣熊---战场开始报名---
2019/07/17 21:07:15  - DEBUG - 素问-你算那块小饼干---战场开始报名---
2019/07/17 21:19:46  - DEBUG - 碎梦-你算哪只小浣熊---战场结束---
2019/07/17 21:20:15  - DEBUG - 碎梦-你算哪只小浣熊---战场开始报名---
2019/07/17 21:20:26  - DEBUG - 素问-你算那块小饼干---战场结束---
2019/07/17 21:20:51  - DEBUG - 素问-你算那块小饼干---战场开始报名---
2019/07/17 21:32:33  - DEBUG - 碎梦-你算哪只小浣熊---战场结束---
2019/07/17 21:32:58  - DEBUG - 碎梦-你算哪只小浣熊---战场开始报名---
2019/07/17 21:33:16  - DEBUG - 素问-你算那块小饼干---战场结束---
2019/07/17 21:33:46  - DEBUG - 素问-你算那块小饼干---战场开始报名---
2019/07/17 21:45:13  - DEBUG - 碎梦-你算哪只小浣熊---战场结束---
2019/07/17 21:45:43  - DEBUG - 碎梦-你算哪只小浣熊---战场开始报名---
2019/07/17 21:46:30  - DEBUG - 素问-你算那块小饼干---战场结束---
2019/07/17 21:47:01  - DEBUG - 素问-你算那块小饼干---战场开始报名---
2019/07/17 21:56:20  - DEBUG - 碎梦-你算哪只小浣熊---战场结束---
2019/07/17 21:56:20  - DEBUG - 碎梦-你算哪只小浣熊---战场开始报名---
2019/07/17 21:59:24  - DEBUG - 素问-你算那块小饼干---战场结束---
2019/07/17 21:59:42  - DEBUG - 素问-你算那块小饼干---战场开始报名---
2019/07/17 22:09:00  - DEBUG - 碎梦-你算哪只小浣熊---战场结束---
2019/07/17 22:09:14  - DEBUG - 碎梦-你算哪只小浣熊---战场开始报名---
2019/07/17 22:12:02  - DEBUG - 素问-你算那块小饼干---战场结束---
2019/07/17 22:12:33  - DEBUG - 素问-你算那块小饼干---战场开始报名---
2019/07/17 23:10:42  - DEBUG - 碎梦-你算哪只小浣熊---战场开始报名---
2019/07/17 23:10:48  - DEBUG - 素问-你算那块小饼干---战场开始报名---
2019/07/17 23:23:15  - DEBUG - 碎梦-你算哪只小浣熊---战场开始报名---
2019/07/17 23:23:20  - DEBUG - 素问-你算那块小饼干---战场结束---
2019/07/17 23:23:51  - DEBUG - 素问-你算那块小饼干---战场开始报名---
2019/07/17 23:34:40  - DEBUG - 素问-你算那块小饼干---战场结束---
2019/07/17 23:34:40  - DEBUG - 素问-你算那块小饼干---战场开始报名---
2019/07/17 23:35:31  - DEBUG - 碎梦-你算哪只小浣熊---战场结束---
2019/07/17 23:35:50  - DEBUG - 碎梦-你算哪只小浣熊---战场开始报名---
2019/07/17 23:47:04  - DEBUG - 素问-你算那块小饼干---战场结束---
2019/07/17 23:47:34  - DEBUG - 素问-你算那块小饼干---战场开始报名---
2019/07/17 23:48:27  - DEBUG - 碎梦-你算哪只小浣熊---战场结束---
2019/07/17 23:48:28  - DEBUG - 碎梦-你算哪只小浣熊---战场开始报名---
2019/07/17 23:48:32  - DEBUG - 碎梦-你算哪只小浣熊---声望已刷满退出---
2019/07/17 23:48:32  - DEBUG - 碎梦-你算哪只小浣熊---战场打完了---
2019/07/17 23:49:26  - DEBUG - 碎梦-你算哪只小浣熊---开始押镖---
2019/07/17 23:57:52  - DEBUG - 素问-你算那块小饼干---战场结束---
2019/07/17 23:58:11  - DEBUG - 素问-你算那块小饼干---战场开始报名---
2019/07/17 23:58:15  - DEBUG - 素问-你算那块小饼干---声望已刷满退出---
2019/07/17 23:58:15  - DEBUG - 素问-你算那块小饼干---战场打完了---
2019/07/17 23:58:52  - DEBUG - 素问-你算那块小饼干---开始押镖---
2019/07/18 00:08:57  - DEBUG - 碎梦-你算哪只小浣熊---押镖一次结束---
2019/07/18 00:09:32  - DEBUG - 碎梦-你算哪只小浣熊---开始押镖---
2019/07/18 00:19:39  - DEBUG - 素问-你算那块小饼干---押镖一次结束---
2019/07/18 00:20:14  - DEBUG - 素问-你算那块小饼干---开始押镖---
2019/07/18 00:29:15  - DEBUG - 碎梦-你算哪只小浣熊---押镖一次结束---
2019/07/18 00:30:23  - DEBUG - 碎梦-你算哪只小浣熊---押镖完了---
2019/07/18 00:30:23  - DEBUG - 碎梦-你算哪只小浣熊~~开始快意恩仇
2019/07/18 00:46:42  - DEBUG - 碎梦-你算哪只小浣熊---战场开始报名---
2019/07/18 00:46:44  - DEBUG - 素问-你算那块小饼干---战场开始报名---
2019/07/18 00:46:45  - DEBUG - 碎梦-你算哪只小浣熊---声望已刷满退出---
2019/07/18 00:46:46  - DEBUG - 碎梦-你算哪只小浣熊---战场打完了---
2019/07/18 00:46:48  - DEBUG - 素问-你算那块小饼干---声望已刷满退出---
2019/07/18 00:46:49  - DEBUG - 素问-你算那块小饼干---战场打完了---
2019/07/18 00:47:33  - DEBUG - 素问-你算那块小饼干---押镖一次结束---
2019/07/18 00:47:45  - DEBUG - 素问-你算那块小饼干---押镖一次结束---
2019/07/18 00:48:59  - DEBUG - 素问-你算那块小饼干---押镖完了---
2019/07/18 00:48:59  - DEBUG - 素问-你算那块小饼干~~开始快意恩仇
2019/07/18 00:49:00  - DEBUG - 碎梦-你算哪只小浣熊---押镖完了---
2019/07/18 00:49:00  - DEBUG - 碎梦-你算哪只小浣熊~~开始快意恩仇
2019/07/21 22:04:29  - DEBUG - 素问-你算那块小饼干---战场开始报名---
2019/07/21 22:04:35  - DEBUG - 碎梦-你算哪只小浣熊---战场开始报名---
2019/07/21 22:16:52  - DEBUG - 碎梦-你算哪只小浣熊---战场结束---
2019/07/21 22:17:03  - DEBUG - 素问-你算那块小饼干---战场结束---
2019/07/21 22:17:12  - DEBUG - 碎梦-你算哪只小浣熊---战场开始报名---
2019/07/21 22:17:28  - DEBUG - 素问-你算那块小饼干---战场开始报名---
2019/07/21 22:29:58  - DEBUG - 碎梦-你算哪只小浣熊---战场结束---
2019/07/21 22:30:26  - DEBUG - 素问-你算那块小饼干---战场结束---
2019/07/21 22:30:28  - DEBUG - 碎梦-你算哪只小浣熊---战场开始报名---
2019/07/21 22:30:55  - DEBUG - 素问-你算那块小饼干---战场开始报名---
2019/07/21 22:41:15  - DEBUG - 碎梦-你算哪只小浣熊---战场结束---
2019/07/21 22:41:16  - DEBUG - 素问-你算那块小饼干---战场结束---
2019/07/21 22:41:38  - DEBUG - 素问-你算那块小饼干---战场开始报名---
2019/07/21 22:41:45  - DEBUG - 碎梦-你算哪只小浣熊---战场开始报名---
2019/07/21 22:44:35  - DEBUG - 碎梦-你算哪只小浣熊---战场开始报名---
2019/07/21 22:54:07  - DEBUG - 素问-你算那块小饼干---战场结束---
2019/07/21 22:54:35  - DEBUG - 素问-你算那块小饼干---战场开始报名---
2019/07/21 22:54:58  - DEBUG - 碎梦-你算哪只小浣熊---战场结束---
2019/07/21 22:55:29  - DEBUG - 碎梦-你算哪只小浣熊---战场开始报名---
2019/08/09 23:38:30  - DEBUG - 素问-你算那块小饼干---战场开始报名---
2019/08/09 23:38:36  - DEBUG - 碎梦-你算哪只小浣熊---战场开始报名---
2019/08/09 23:50:51  - DEBUG - 碎梦-你算哪只小浣熊---战场结束---
2019/08/09 23:50:51  - DEBUG - 素问-你算那块小饼干---战场结束---
2019/08/09 23:51:04  - DEBUG - 碎梦-你算哪只小浣熊---战场开始报名---
2019/08/09 23:51:27  - DEBUG - 素问-你算那块小饼干---战场开始报名---
2019/08/10 00:03:40  - DEBUG - 碎梦-你算哪只小浣熊---战场结束---
2019/08/10 00:04:10  - DEBUG - 碎梦-你算哪只小浣熊---战场开始报名---
2019/08/10 00:04:28  - DEBUG - 素问-你算那块小饼干---战场结束---
2019/08/10 00:04:55  - DEBUG - 素问-你算那块小饼干---战场开始报名---
2019/08/10 00:16:42  - DEBUG - 碎梦-你算哪只小浣熊---战场结束---
2019/08/10 00:17:12  - DEBUG - 碎梦-你算哪只小浣熊---战场开始报名---
2019/08/10 00:17:52  - DEBUG - 素问-你算那块小饼干---战场结束---
2019/08/10 00:17:52  - DEBUG - 素问-你算那块小饼干---战场开始报名---
2019/08/10 00:29:27  - DEBUG - 碎梦-你算哪只小浣熊---战场结束---
2019/08/10 00:29:57  - DEBUG - 碎梦-你算哪只小浣熊---战场开始报名---
2019/08/10 00:30:31  - DEBUG - 素问-你算那块小饼干---战场结束---
2019/08/10 00:31:03  - DEBUG - 素问-你算那块小饼干---战场开始报名---
2019/08/10 00:42:39  - DEBUG - 碎梦-你算哪只小浣熊---战场结束---
2019/08/10 00:43:12  - DEBUG - 碎梦-你算哪只小浣熊---战场开始报名---
2019/08/10 00:43:38  - DEBUG - 素问-你算那块小饼干---战场结束---
2019/08/10 00:44:16  - DEBUG - 素问-你算那块小饼干---战场开始报名---
2019/08/10 00:54:43  - DEBUG - 素问-你算那块小饼干---战场结束---
2019/08/10 00:55:23  - DEBUG - 素问-你算那块小饼干---战场开始报名---
2019/08/10 00:55:42  - DEBUG - 碎梦-你算哪只小浣熊---战场结束---
2019/08/10 01:05:59  - DEBUG - 素问-你算那块小饼干---战场结束---
2019/08/10 01:06:25  - DEBUG - 素问-你算那块小饼干---战场开始报名---
2019/08/10 01:19:52  - DEBUG - 素问-你算那块小饼干---战场结束---
2019/08/10 01:19:52  - DEBUG - 素问-你算那块小饼干---战场开始报名---
2019/08/10 01:33:01  - DEBUG - 素问-你算那块小饼干---战场结束---
2019/08/10 01:33:28  - DEBUG - 素问-你算那块小饼干---战场开始报名---
2019/08/10 01:47:05  - DEBUG - 素问-你算那块小饼干---战场结束---
2019/08/10 01:47:06  - DEBUG - 素问-你算那块小饼干---战场开始报名---
2019/08/10 02:00:13  - DEBUG - 素问-你算那块小饼干---战场结束---
2019/08/10 02:00:41  - DEBUG - 素问-你算那块小饼干---没找到战场图标退出---
2019/08/10 02:00:42  - DEBUG - 素问-你算那块小饼干---战场打完了---
2019/08/10 02:02:46  - DEBUG - 素问-你算那块小饼干---开始押镖---
2019/08/10 02:19:45  - DEBUG - 素问-你算那块小饼干---押镖一次结束---
2019/08/10 02:20:22  - DEBUG - 素问-你算那块小饼干---开始押镖---
2019/08/10 02:37:11  - DEBUG - 素问-你算那块小饼干---押镖一次结束---
2019/08/10 02:37:28  - DEBUG - 素问-你算那块小饼干---押镖一次结束---
2019/08/10 02:38:38  - DEBUG - 素问-你算那块小饼干---押镖完了---
2019/08/10 02:38:38  - DEBUG - 素问-你算那块小饼干~~开始快意恩仇
2019/08/10 07:05:44  - DEBUG - 碎梦-你算哪只小浣熊---没找到战场图标退出---
2019/08/10 07:05:45  - DEBUG - 碎梦-你算哪只小浣熊---战场打完了---
2019/08/10 07:05:51  - DEBUG - 素问-你算那块小饼干---没找到战场图标退出---
2019/08/10 07:05:51  - DEBUG - 素问-你算那块小饼干---战场打完了---
2019/08/10 07:06:46  - DEBUG - 碎梦-你算哪只小浣熊---开始押镖---
2019/08/10 07:07:06  - DEBUG - 素问-你算那块小饼干---开始押镖---
2019/08/10 07:23:11  - DEBUG - 碎梦-你算哪只小浣熊---押镖一次结束---尝试领取铜钱---
2019/08/10 07:23:29  - DEBUG - 素问-你算那块小饼干---押镖一次结束---尝试领取铜钱---
2019/08/10 07:23:50  - DEBUG - 碎梦-你算哪只小浣熊---开始押镖---
2019/08/10 07:24:05  - DEBUG - 素问-你算那块小饼干---开始押镖---
2019/08/10 07:41:43  - DEBUG - 素问-你算那块小饼干---押镖一次结束---尝试领取铜钱---
2019/08/10 07:42:22  - DEBUG - 碎梦-你算哪只小浣熊---押镖一次结束---尝试领取铜钱---
2019/08/10 07:45:33  - DEBUG - 碎梦-你算哪只小浣熊---没找到战场图标退出---
2019/08/10 07:45:34  - DEBUG - 碎梦-你算哪只小浣熊---战场打完了---
2019/08/10 07:45:35  - DEBUG - 素问-你算那块小饼干---没找到战场图标退出---
2019/08/10 07:45:36  - DEBUG - 素问-你算那块小饼干---战场打完了---
2019/08/10 07:45:58  - DEBUG - 碎梦-你算哪只小浣熊---开始押镖---
2019/08/10 07:46:11  - DEBUG - 素问-你算那块小饼干---开始押镖---
2019/08/20 22:44:17  - DEBUG - 素问-你算那块小饼干---开始押镖---
2019/08/20 22:45:20  - DEBUG - 碎梦-你算哪只小浣熊---开始押镖---
2019/08/20 23:01:02  - DEBUG - 素问-你算那块小饼干---押镖一次结束---尝试领取铜钱---
2019/08/20 23:01:44  - DEBUG - 素问-你算那块小饼干---开始押镖---
2019/08/20 23:02:05  - DEBUG - 碎梦-你算哪只小浣熊---押镖一次结束---尝试领取铜钱---
2019/08/20 23:02:47  - DEBUG - 碎梦-你算哪只小浣熊---开始押镖---
2019/08/20 23:19:10  - DEBUG - 素问-你算那块小饼干---押镖一次结束---尝试领取铜钱---
